08 三月 2017 19:09:56,047 INFO  [lifecycleSupervisor-1-0] (org.apache.flume.node.PollingPropertiesFileConfigurationProvider.start:62)  - Configuration provider starting
08 三月 2017 19:09:56,057 INFO  [conf-file-poller-0] (org.apache.flume.node.PollingPropertiesFileConfigurationProvider$FileWatcherRunnable.run:134)  - Reloading configuration file:conf/flume-http-memory-hive.properties
08 三月 2017 19:09:56,063 INFO  [conf-file-poller-0] (org.apache.flume.conf.FlumeConfiguration$AgentConfiguration.addProperty:1016)  - Processing:k1
08 三月 2017 19:09:56,065 INFO  [conf-file-poller-0] (org.apache.flume.conf.FlumeConfiguration$AgentConfiguration.addProperty:1016)  - Processing:k1
08 三月 2017 19:09:56,065 INFO  [conf-file-poller-0] (org.apache.flume.conf.FlumeConfiguration$AgentConfiguration.addProperty:1016)  - Processing:k1
08 三月 2017 19:09:56,066 INFO  [conf-file-poller-0] (org.apache.flume.conf.FlumeConfiguration$AgentConfiguration.addProperty:1016)  - Processing:k1
08 三月 2017 19:09:56,066 INFO  [conf-file-poller-0] (org.apache.flume.conf.FlumeConfiguration$AgentConfiguration.addProperty:930)  - Added sinks: k1 Agent: a1
08 三月 2017 19:09:56,066 INFO  [conf-file-poller-0] (org.apache.flume.conf.FlumeConfiguration$AgentConfiguration.addProperty:1016)  - Processing:k1
08 三月 2017 19:09:56,066 INFO  [conf-file-poller-0] (org.apache.flume.conf.FlumeConfiguration$AgentConfiguration.addProperty:1016)  - Processing:k1
08 三月 2017 19:09:56,066 INFO  [conf-file-poller-0] (org.apache.flume.conf.FlumeConfiguration$AgentConfiguration.addProperty:1016)  - Processing:k1
08 三月 2017 19:09:56,066 INFO  [conf-file-poller-0] (org.apache.flume.conf.FlumeConfiguration$AgentConfiguration.addProperty:1016)  - Processing:ki
08 三月 2017 19:09:56,067 INFO  [conf-file-poller-0] (org.apache.flume.conf.FlumeConfiguration$AgentConfiguration.addProperty:1016)  - Processing:k1
08 三月 2017 19:09:56,067 INFO  [conf-file-poller-0] (org.apache.flume.conf.FlumeConfiguration$AgentConfiguration.addProperty:1016)  - Processing:k1
08 三月 2017 19:09:56,067 INFO  [conf-file-poller-0] (org.apache.flume.conf.FlumeConfiguration$AgentConfiguration.addProperty:1016)  - Processing:k1
08 三月 2017 19:09:56,067 INFO  [conf-file-poller-0] (org.apache.flume.conf.FlumeConfiguration$AgentConfiguration.addProperty:1016)  - Processing:k1
08 三月 2017 19:09:56,097 INFO  [conf-file-poller-0] (org.apache.flume.conf.FlumeConfiguration.validateConfiguration:140)  - Post-validation flume configuration contains configuration for agents: [a1]
08 三月 2017 19:09:56,100 INFO  [conf-file-poller-0] (org.apache.flume.node.AbstractConfigurationProvider.loadChannels:147)  - Creating channels
08 三月 2017 19:09:56,110 INFO  [conf-file-poller-0] (org.apache.flume.channel.DefaultChannelFactory.create:42)  - Creating instance of channel c1 type memory
08 三月 2017 19:09:56,115 INFO  [conf-file-poller-0] (org.apache.flume.node.AbstractConfigurationProvider.loadChannels:201)  - Created channel c1
08 三月 2017 19:09:56,116 INFO  [conf-file-poller-0] (org.apache.flume.source.DefaultSourceFactory.create:41)  - Creating instance of source r1, type http
08 三月 2017 19:09:56,206 INFO  [conf-file-poller-0] (org.apache.flume.sink.DefaultSinkFactory.create:42)  - Creating instance of sink: k1, type: hive
08 三月 2017 19:09:56,227 INFO  [conf-file-poller-0] (org.apache.flume.node.AbstractConfigurationProvider.getConfiguration:116)  - Channel c1 connected to [r1, k1]
08 三月 2017 19:09:56,231 INFO  [conf-file-poller-0] (org.apache.flume.node.Application.startAllComponents:137)  - Starting new configuration:{ sourceRunners:{r1=EventDrivenSourceRunner: { source:org.apache.flume.source.http.HTTPSource{name:r1,state:IDLE} }} sinkRunners:{k1=SinkRunner: { policy:org.apache.flume.sink.DefaultSinkProcessor@59b3beac counterGroup:{ name:null counters:{} } }} channels:{c1=org.apache.flume.channel.MemoryChannel{name: c1}} }
08 三月 2017 19:09:56,232 INFO  [conf-file-poller-0] (org.apache.flume.node.Application.startAllComponents:144)  - Starting Channel c1
08 三月 2017 19:09:56,305 INFO  [lifecycleSupervisor-1-0] (org.apache.flume.instrumentation.MonitoredCounterGroup.register:119)  - Monitored counter group for type: CHANNEL, name: c1: Successfully registered new MBean.
08 三月 2017 19:09:56,305 INFO  [lifecycleSupervisor-1-0] (org.apache.flume.instrumentation.MonitoredCounterGroup.start:95)  - Component type: CHANNEL, name: c1 started
08 三月 2017 19:09:56,306 INFO  [conf-file-poller-0] (org.apache.flume.node.Application.startAllComponents:171)  - Starting Sink k1
08 三月 2017 19:09:56,307 INFO  [conf-file-poller-0] (org.apache.flume.node.Application.startAllComponents:182)  - Starting Source r1
08 三月 2017 19:09:56,308 INFO  [lifecycleSupervisor-1-1] (org.apache.flume.instrumentation.MonitoredCounterGroup.register:119)  - Monitored counter group for type: SINK, name: k1: Successfully registered new MBean.
08 三月 2017 19:09:56,308 INFO  [lifecycleSupervisor-1-1] (org.apache.flume.instrumentation.MonitoredCounterGroup.start:95)  - Component type: SINK, name: k1 started
08 三月 2017 19:09:56,308 INFO  [lifecycleSupervisor-1-1] (org.apache.flume.sink.hive.HiveSink.start:530)  - k1: Hive Sink k1 started
08 三月 2017 19:09:56,336 INFO  [lifecycleSupervisor-1-0] (org.mortbay.log.Slf4jLog.info:67)  - Logging to org.slf4j.impl.Log4jLoggerAdapter(org.mortbay.log) via org.mortbay.log.Slf4jLog
08 三月 2017 19:09:56,393 INFO  [lifecycleSupervisor-1-0] (org.mortbay.log.Slf4jLog.info:67)  - jetty-6.1.26
08 三月 2017 19:09:56,475 WARN  [lifecycleSupervisor-1-0] (org.mortbay.log.Slf4jLog.warn:76)  - failed SelectChannelConnector@0.0.0.0:8080: java.net.BindException: Address already in use
08 三月 2017 19:09:56,476 WARN  [lifecycleSupervisor-1-0] (org.mortbay.log.Slf4jLog.warn:76)  - failed Server@3fb2acb7: java.net.BindException: Address already in use
08 三月 2017 19:09:56,476 ERROR [lifecycleSupervisor-1-0] (org.apache.flume.source.http.HTTPSource.start:215)  - Error while starting HTTPSource. Exception follows.
java.net.BindException: Address already in use
	at sun.nio.ch.Net.bind0(Native Method)
	at sun.nio.ch.Net.bind(Net.java:444)
	at sun.nio.ch.Net.bind(Net.java:436)
	at sun.nio.ch.ServerSocketChannelImpl.bind(ServerSocketChannelImpl.java:214)
	at sun.nio.ch.ServerSocketAdaptor.bind(ServerSocketAdaptor.java:74)
	at org.mortbay.jetty.nio.SelectChannelConnector.open(SelectChannelConnector.java:216)
	at org.mortbay.jetty.nio.SelectChannelConnector.doStart(SelectChannelConnector.java:315)
	at org.mortbay.component.AbstractLifeCycle.start(AbstractLifeCycle.java:50)
	at org.mortbay.jetty.Server.doStart(Server.java:235)
	at org.mortbay.component.AbstractLifeCycle.start(AbstractLifeCycle.java:50)
	at org.apache.flume.source.http.HTTPSource.start(HTTPSource.java:212)
	at org.apache.flume.source.EventDrivenSourceRunner.start(EventDrivenSourceRunner.java:44)
	at org.apache.flume.lifecycle.LifecycleSupervisor$MonitorRunnable.run(LifecycleSupervisor.java:249)
	at java.util.concurrent.Executors$RunnableAdapter.call(Executors.java:471)
	at java.util.concurrent.FutureTask.runAndReset(FutureTask.java:304)
	at java.util.concurrent.ScheduledThreadPoolExecutor$ScheduledFutureTask.access$301(ScheduledThreadPoolExecutor.java:178)
	at java.util.concurrent.ScheduledThreadPoolExecutor$ScheduledFutureTask.run(ScheduledThreadPoolExecutor.java:293)
	at java.util.concurrent.ThreadPoolExecutor.runWorker(ThreadPoolExecutor.java:1145)
	at java.util.concurrent.ThreadPoolExecutor$Worker.run(ThreadPoolExecutor.java:615)
	at java.lang.Thread.run(Thread.java:745)
08 三月 2017 19:09:56,480 ERROR [lifecycleSupervisor-1-0] (org.apache.flume.lifecycle.LifecycleSupervisor$MonitorRunnable.run:251)  - Unable to start EventDrivenSourceRunner: { source:org.apache.flume.source.http.HTTPSource{name:r1,state:IDLE} } - Exception follows.
java.lang.RuntimeException: java.net.BindException: Address already in use
	at com.google.common.base.Throwables.propagate(Throwables.java:160)
	at org.apache.flume.source.http.HTTPSource.start(HTTPSource.java:216)
	at org.apache.flume.source.EventDrivenSourceRunner.start(EventDrivenSourceRunner.java:44)
	at org.apache.flume.lifecycle.LifecycleSupervisor$MonitorRunnable.run(LifecycleSupervisor.java:249)
	at java.util.concurrent.Executors$RunnableAdapter.call(Executors.java:471)
	at java.util.concurrent.FutureTask.runAndReset(FutureTask.java:304)
	at java.util.concurrent.ScheduledThreadPoolExecutor$ScheduledFutureTask.access$301(ScheduledThreadPoolExecutor.java:178)
	at java.util.concurrent.ScheduledThreadPoolExecutor$ScheduledFutureTask.run(ScheduledThreadPoolExecutor.java:293)
	at java.util.concurrent.ThreadPoolExecutor.runWorker(ThreadPoolExecutor.java:1145)
	at java.util.concurrent.ThreadPoolExecutor$Worker.run(ThreadPoolExecutor.java:615)
	at java.lang.Thread.run(Thread.java:745)
Caused by: java.net.BindException: Address already in use
	at sun.nio.ch.Net.bind0(Native Method)
	at sun.nio.ch.Net.bind(Net.java:444)
	at sun.nio.ch.Net.bind(Net.java:436)
	at sun.nio.ch.ServerSocketChannelImpl.bind(ServerSocketChannelImpl.java:214)
	at sun.nio.ch.ServerSocketAdaptor.bind(ServerSocketAdaptor.java:74)
	at org.mortbay.jetty.nio.SelectChannelConnector.open(SelectChannelConnector.java:216)
	at org.mortbay.jetty.nio.SelectChannelConnector.doStart(SelectChannelConnector.java:315)
	at org.mortbay.component.AbstractLifeCycle.start(AbstractLifeCycle.java:50)
	at org.mortbay.jetty.Server.doStart(Server.java:235)
	at org.mortbay.component.AbstractLifeCycle.start(AbstractLifeCycle.java:50)
	at org.apache.flume.source.http.HTTPSource.start(HTTPSource.java:212)
	... 9 more
08 三月 2017 19:09:59,485 ERROR [lifecycleSupervisor-1-4] (org.apache.flume.lifecycle.LifecycleSupervisor$MonitorRunnable.run:251)  - Unable to start EventDrivenSourceRunner: { source:org.apache.flume.source.http.HTTPSource{name:r1,state:IDLE} } - Exception follows.
java.lang.IllegalStateException: Running HTTP Server found in source: r1 before I started one.Will not attempt to start.
	at com.google.common.base.Preconditions.checkState(Preconditions.java:173)
	at org.apache.flume.source.http.HTTPSource.start(HTTPSource.java:182)
	at org.apache.flume.source.EventDrivenSourceRunner.start(EventDrivenSourceRunner.java:44)
	at org.apache.flume.lifecycle.LifecycleSupervisor$MonitorRunnable.run(LifecycleSupervisor.java:249)
	at java.util.concurrent.Executors$RunnableAdapter.call(Executors.java:471)
	at java.util.concurrent.FutureTask.runAndReset(FutureTask.java:304)
	at java.util.concurrent.ScheduledThreadPoolExecutor$ScheduledFutureTask.access$301(ScheduledThreadPoolExecutor.java:178)
	at java.util.concurrent.ScheduledThreadPoolExecutor$ScheduledFutureTask.run(ScheduledThreadPoolExecutor.java:293)
	at java.util.concurrent.ThreadPoolExecutor.runWorker(ThreadPoolExecutor.java:1145)
	at java.util.concurrent.ThreadPoolExecutor$Worker.run(ThreadPoolExecutor.java:615)
	at java.lang.Thread.run(Thread.java:745)
08 三月 2017 19:09:59,722 INFO  [agent-shutdown-hook] (org.apache.flume.lifecycle.LifecycleSupervisor.stop:78)  - Stopping lifecycle supervisor 13
08 三月 2017 19:09:59,724 INFO  [agent-shutdown-hook] (org.apache.flume.instrumentation.MonitoredCounterGroup.stop:149)  - Component type: CHANNEL, name: c1 stopped
08 三月 2017 19:09:59,724 INFO  [agent-shutdown-hook] (org.apache.flume.instrumentation.MonitoredCounterGroup.stop:155)  - Shutdown Metric for type: CHANNEL, name: c1. channel.start.time == 1488971396305
08 三月 2017 19:09:59,724 INFO  [agent-shutdown-hook] (org.apache.flume.instrumentation.MonitoredCounterGroup.stop:161)  - Shutdown Metric for type: CHANNEL, name: c1. channel.stop.time == 1488971399724
08 三月 2017 19:09:59,725 INFO  [agent-shutdown-hook] (org.apache.flume.instrumentation.MonitoredCounterGroup.stop:177)  - Shutdown Metric for type: CHANNEL, name: c1. channel.capacity == 100000
08 三月 2017 19:09:59,725 INFO  [agent-shutdown-hook] (org.apache.flume.instrumentation.MonitoredCounterGroup.stop:177)  - Shutdown Metric for type: CHANNEL, name: c1. channel.current.size == 0
08 三月 2017 19:09:59,725 INFO  [agent-shutdown-hook] (org.apache.flume.instrumentation.MonitoredCounterGroup.stop:177)  - Shutdown Metric for type: CHANNEL, name: c1. channel.event.put.attempt == 0
08 三月 2017 19:09:59,725 INFO  [agent-shutdown-hook] (org.apache.flume.instrumentation.MonitoredCounterGroup.stop:177)  - Shutdown Metric for type: CHANNEL, name: c1. channel.event.put.success == 0
08 三月 2017 19:09:59,725 INFO  [agent-shutdown-hook] (org.apache.flume.instrumentation.MonitoredCounterGroup.stop:177)  - Shutdown Metric for type: CHANNEL, name: c1. channel.event.take.attempt == 1
08 三月 2017 19:09:59,725 INFO  [agent-shutdown-hook] (org.apache.flume.instrumentation.MonitoredCounterGroup.stop:177)  - Shutdown Metric for type: CHANNEL, name: c1. channel.event.take.success == 0
08 三月 2017 19:09:59,725 INFO  [agent-shutdown-hook] (org.apache.flume.node.PollingPropertiesFileConfigurationProvider.stop:84)  - Configuration provider stopping
08 三月 2017 19:09:59,725 INFO  [agent-shutdown-hook] (org.apache.flume.instrumentation.MonitoredCounterGroup.stop:149)  - Component type: SINK, name: k1 stopped
08 三月 2017 19:09:59,726 INFO  [agent-shutdown-hook] (org.apache.flume.instrumentation.MonitoredCounterGroup.stop:155)  - Shutdown Metric for type: SINK, name: k1. sink.start.time == 1488971396308
08 三月 2017 19:09:59,726 INFO  [agent-shutdown-hook] (org.apache.flume.instrumentation.MonitoredCounterGroup.stop:161)  - Shutdown Metric for type: SINK, name: k1. sink.stop.time == 1488971399725
08 三月 2017 19:09:59,726 INFO  [agent-shutdown-hook] (org.apache.flume.instrumentation.MonitoredCounterGroup.stop:177)  - Shutdown Metric for type: SINK, name: k1. sink.batch.complete == 0
08 三月 2017 19:09:59,726 INFO  [agent-shutdown-hook] (org.apache.flume.instrumentation.MonitoredCounterGroup.stop:177)  - Shutdown Metric for type: SINK, name: k1. sink.batch.empty == 1
08 三月 2017 19:09:59,726 INFO  [agent-shutdown-hook] (org.apache.flume.instrumentation.MonitoredCounterGroup.stop:177)  - Shutdown Metric for type: SINK, name: k1. sink.batch.underflow == 0
08 三月 2017 19:09:59,726 INFO  [agent-shutdown-hook] (org.apache.flume.instrumentation.MonitoredCounterGroup.stop:177)  - Shutdown Metric for type: SINK, name: k1. sink.connection.closed.count == 0
08 三月 2017 19:09:59,726 INFO  [agent-shutdown-hook] (org.apache.flume.instrumentation.MonitoredCounterGroup.stop:177)  - Shutdown Metric for type: SINK, name: k1. sink.connection.creation.count == 0
08 三月 2017 19:09:59,726 INFO  [agent-shutdown-hook] (org.apache.flume.instrumentation.MonitoredCounterGroup.stop:177)  - Shutdown Metric for type: SINK, name: k1. sink.connection.failed.count == 0
08 三月 2017 19:09:59,726 INFO  [agent-shutdown-hook] (org.apache.flume.instrumentation.MonitoredCounterGroup.stop:177)  - Shutdown Metric for type: SINK, name: k1. sink.event.drain.attempt == 0
08 三月 2017 19:09:59,726 INFO  [agent-shutdown-hook] (org.apache.flume.instrumentation.MonitoredCounterGroup.stop:177)  - Shutdown Metric for type: SINK, name: k1. sink.event.drain.sucess == 0
08 三月 2017 19:09:59,726 INFO  [agent-shutdown-hook] (org.apache.flume.sink.hive.HiveSink.stop:516)  - Hive Sink k1 stopped
09 三月 2017 10:08:32,009 INFO  [lifecycleSupervisor-1-0] (org.apache.flume.node.PollingPropertiesFileConfigurationProvider.start:62)  - Configuration provider starting
09 三月 2017 10:08:32,016 INFO  [conf-file-poller-0] (org.apache.flume.node.PollingPropertiesFileConfigurationProvider$FileWatcherRunnable.run:134)  - Reloading configuration file:conf/flume-http-memory-elasticsearch.properties
09 三月 2017 10:08:32,021 INFO  [conf-file-poller-0] (org.apache.flume.conf.FlumeConfiguration$AgentConfiguration.addProperty:1016)  - Processing:k1
09 三月 2017 10:08:32,022 INFO  [conf-file-poller-0] (org.apache.flume.conf.FlumeConfiguration$AgentConfiguration.addProperty:930)  - Added sinks: k1 Agent: a1
09 三月 2017 10:08:32,022 INFO  [conf-file-poller-0] (org.apache.flume.conf.FlumeConfiguration$AgentConfiguration.addProperty:1016)  - Processing:k1
09 三月 2017 10:08:32,022 INFO  [conf-file-poller-0] (org.apache.flume.conf.FlumeConfiguration$AgentConfiguration.addProperty:1016)  - Processing:k1
09 三月 2017 10:08:32,023 INFO  [conf-file-poller-0] (org.apache.flume.conf.FlumeConfiguration$AgentConfiguration.addProperty:1016)  - Processing:k1
09 三月 2017 10:08:32,023 INFO  [conf-file-poller-0] (org.apache.flume.conf.FlumeConfiguration$AgentConfiguration.addProperty:1016)  - Processing:k1
09 三月 2017 10:08:32,023 INFO  [conf-file-poller-0] (org.apache.flume.conf.FlumeConfiguration$AgentConfiguration.addProperty:1016)  - Processing:k1
09 三月 2017 10:08:32,023 INFO  [conf-file-poller-0] (org.apache.flume.conf.FlumeConfiguration$AgentConfiguration.addProperty:1016)  - Processing:k1
09 三月 2017 10:08:32,023 INFO  [conf-file-poller-0] (org.apache.flume.conf.FlumeConfiguration$AgentConfiguration.addProperty:1016)  - Processing:k1
09 三月 2017 10:08:32,023 INFO  [conf-file-poller-0] (org.apache.flume.conf.FlumeConfiguration$AgentConfiguration.addProperty:1016)  - Processing:k1
09 三月 2017 10:08:32,040 INFO  [conf-file-poller-0] (org.apache.flume.conf.FlumeConfiguration.validateConfiguration:140)  - Post-validation flume configuration contains configuration for agents: [a1]
09 三月 2017 10:08:32,040 INFO  [conf-file-poller-0] (org.apache.flume.node.AbstractConfigurationProvider.loadChannels:147)  - Creating channels
09 三月 2017 10:08:32,046 INFO  [conf-file-poller-0] (org.apache.flume.channel.DefaultChannelFactory.create:42)  - Creating instance of channel c1 type memory
09 三月 2017 10:08:32,050 INFO  [conf-file-poller-0] (org.apache.flume.node.AbstractConfigurationProvider.loadChannels:201)  - Created channel c1
09 三月 2017 10:08:32,052 INFO  [conf-file-poller-0] (org.apache.flume.source.DefaultSourceFactory.create:41)  - Creating instance of source r1, type http
09 三月 2017 10:08:32,125 INFO  [conf-file-poller-0] (org.apache.flume.sink.DefaultSinkFactory.create:42)  - Creating instance of sink: k1, type: elasticsearch
09 三月 2017 10:08:32,162 INFO  [conf-file-poller-0] (org.apache.flume.node.AbstractConfigurationProvider.getConfiguration:116)  - Channel c1 connected to [r1, k1]
09 三月 2017 10:08:32,166 INFO  [conf-file-poller-0] (org.apache.flume.node.Application.startAllComponents:137)  - Starting new configuration:{ sourceRunners:{r1=EventDrivenSourceRunner: { source:org.apache.flume.source.http.HTTPSource{name:r1,state:IDLE} }} sinkRunners:{k1=SinkRunner: { policy:org.apache.flume.sink.DefaultSinkProcessor@223f6902 counterGroup:{ name:null counters:{} } }} channels:{c1=org.apache.flume.channel.MemoryChannel{name: c1}} }
09 三月 2017 10:08:32,166 INFO  [conf-file-poller-0] (org.apache.flume.node.Application.startAllComponents:144)  - Starting Channel c1
09 三月 2017 10:08:32,234 INFO  [lifecycleSupervisor-1-0] (org.apache.flume.instrumentation.MonitoredCounterGroup.register:119)  - Monitored counter group for type: CHANNEL, name: c1: Successfully registered new MBean.
09 三月 2017 10:08:32,235 INFO  [lifecycleSupervisor-1-0] (org.apache.flume.instrumentation.MonitoredCounterGroup.start:95)  - Component type: CHANNEL, name: c1 started
09 三月 2017 10:08:32,235 INFO  [conf-file-poller-0] (org.apache.flume.node.Application.startAllComponents:171)  - Starting Sink k1
09 三月 2017 10:08:32,236 INFO  [conf-file-poller-0] (org.apache.flume.node.Application.startAllComponents:182)  - Starting Source r1
09 三月 2017 10:08:32,241 INFO  [lifecycleSupervisor-1-1] (org.apache.flume.sink.elasticsearch.ElasticSearchSink.start:337)  - ElasticSearch sink {} started
09 三月 2017 10:08:32,242 INFO  [lifecycleSupervisor-1-1] (org.apache.flume.instrumentation.MonitoredCounterGroup.register:119)  - Monitored counter group for type: SINK, name: k1: Successfully registered new MBean.
09 三月 2017 10:08:32,242 INFO  [lifecycleSupervisor-1-1] (org.apache.flume.instrumentation.MonitoredCounterGroup.start:95)  - Component type: SINK, name: k1 started
09 三月 2017 10:08:32,251 WARN  [lifecycleSupervisor-1-1] (org.apache.flume.sink.elasticsearch.client.ElasticSearchTransportClient.configureHostnames:136)  - [192.168.40.101:9300, 192.168.40.102:9300, 192.168.40.103:9300]
09 三月 2017 10:08:32,254 INFO  [lifecycleSupervisor-1-0] (org.mortbay.log.Slf4jLog.info:67)  - Logging to org.slf4j.impl.Log4jLoggerAdapter(org.mortbay.log) via org.mortbay.log.Slf4jLog
09 三月 2017 10:08:32,257 INFO  [lifecycleSupervisor-1-1] (org.apache.flume.sink.elasticsearch.client.ElasticSearchTransportClient.openClient:200)  - Using ElasticSearch hostnames: [192.168.40.101:9300, 192.168.40.102:9300, 192.168.40.103:9300] 
09 三月 2017 10:08:32,350 INFO  [lifecycleSupervisor-1-0] (org.mortbay.log.Slf4jLog.info:67)  - jetty-6.1.26
09 三月 2017 10:08:32,455 WARN  [lifecycleSupervisor-1-0] (org.mortbay.log.Slf4jLog.warn:76)  - failed SelectChannelConnector@0.0.0.0:8080: java.net.BindException: Address already in use
09 三月 2017 10:08:32,455 WARN  [lifecycleSupervisor-1-0] (org.mortbay.log.Slf4jLog.warn:76)  - failed Server@105ad386: java.net.BindException: Address already in use
09 三月 2017 10:08:32,456 ERROR [lifecycleSupervisor-1-0] (org.apache.flume.source.http.HTTPSource.start:215)  - Error while starting HTTPSource. Exception follows.
java.net.BindException: Address already in use
	at sun.nio.ch.Net.bind0(Native Method)
	at sun.nio.ch.Net.bind(Net.java:444)
	at sun.nio.ch.Net.bind(Net.java:436)
	at sun.nio.ch.ServerSocketChannelImpl.bind(ServerSocketChannelImpl.java:214)
	at sun.nio.ch.ServerSocketAdaptor.bind(ServerSocketAdaptor.java:74)
	at org.mortbay.jetty.nio.SelectChannelConnector.open(SelectChannelConnector.java:216)
	at org.mortbay.jetty.nio.SelectChannelConnector.doStart(SelectChannelConnector.java:315)
	at org.mortbay.component.AbstractLifeCycle.start(AbstractLifeCycle.java:50)
	at org.mortbay.jetty.Server.doStart(Server.java:235)
	at org.mortbay.component.AbstractLifeCycle.start(AbstractLifeCycle.java:50)
	at org.apache.flume.source.http.HTTPSource.start(HTTPSource.java:212)
	at org.apache.flume.source.EventDrivenSourceRunner.start(EventDrivenSourceRunner.java:44)
	at org.apache.flume.lifecycle.LifecycleSupervisor$MonitorRunnable.run(LifecycleSupervisor.java:249)
	at java.util.concurrent.Executors$RunnableAdapter.call(Executors.java:471)
	at java.util.concurrent.FutureTask.runAndReset(FutureTask.java:304)
	at java.util.concurrent.ScheduledThreadPoolExecutor$ScheduledFutureTask.access$301(ScheduledThreadPoolExecutor.java:178)
	at java.util.concurrent.ScheduledThreadPoolExecutor$ScheduledFutureTask.run(ScheduledThreadPoolExecutor.java:293)
	at java.util.concurrent.ThreadPoolExecutor.runWorker(ThreadPoolExecutor.java:1145)
	at java.util.concurrent.ThreadPoolExecutor$Worker.run(ThreadPoolExecutor.java:615)
	at java.lang.Thread.run(Thread.java:745)
09 三月 2017 10:08:32,461 ERROR [lifecycleSupervisor-1-0] (org.apache.flume.lifecycle.LifecycleSupervisor$MonitorRunnable.run:251)  - Unable to start EventDrivenSourceRunner: { source:org.apache.flume.source.http.HTTPSource{name:r1,state:IDLE} } - Exception follows.
java.lang.RuntimeException: java.net.BindException: Address already in use
	at com.google.common.base.Throwables.propagate(Throwables.java:160)
	at org.apache.flume.source.http.HTTPSource.start(HTTPSource.java:216)
	at org.apache.flume.source.EventDrivenSourceRunner.start(EventDrivenSourceRunner.java:44)
	at org.apache.flume.lifecycle.LifecycleSupervisor$MonitorRunnable.run(LifecycleSupervisor.java:249)
	at java.util.concurrent.Executors$RunnableAdapter.call(Executors.java:471)
	at java.util.concurrent.FutureTask.runAndReset(FutureTask.java:304)
	at java.util.concurrent.ScheduledThreadPoolExecutor$ScheduledFutureTask.access$301(ScheduledThreadPoolExecutor.java:178)
	at java.util.concurrent.ScheduledThreadPoolExecutor$ScheduledFutureTask.run(ScheduledThreadPoolExecutor.java:293)
	at java.util.concurrent.ThreadPoolExecutor.runWorker(ThreadPoolExecutor.java:1145)
	at java.util.concurrent.ThreadPoolExecutor$Worker.run(ThreadPoolExecutor.java:615)
	at java.lang.Thread.run(Thread.java:745)
Caused by: java.net.BindException: Address already in use
	at sun.nio.ch.Net.bind0(Native Method)
	at sun.nio.ch.Net.bind(Net.java:444)
	at sun.nio.ch.Net.bind(Net.java:436)
	at sun.nio.ch.ServerSocketChannelImpl.bind(ServerSocketChannelImpl.java:214)
	at sun.nio.ch.ServerSocketAdaptor.bind(ServerSocketAdaptor.java:74)
	at org.mortbay.jetty.nio.SelectChannelConnector.open(SelectChannelConnector.java:216)
	at org.mortbay.jetty.nio.SelectChannelConnector.doStart(SelectChannelConnector.java:315)
	at org.mortbay.component.AbstractLifeCycle.start(AbstractLifeCycle.java:50)
	at org.mortbay.jetty.Server.doStart(Server.java:235)
	at org.mortbay.component.AbstractLifeCycle.start(AbstractLifeCycle.java:50)
	at org.apache.flume.source.http.HTTPSource.start(HTTPSource.java:212)
	... 9 more
09 三月 2017 10:08:32,516 INFO  [lifecycleSupervisor-1-1] (org.elasticsearch.plugins.PluginsService.<init>:180)  - [Behemoth] modules [], plugins [shield], sites []
09 三月 2017 10:08:32,566 ERROR [lifecycleSupervisor-1-1] (org.apache.flume.lifecycle.LifecycleSupervisor$MonitorRunnable.run:251)  - Unable to start SinkRunner: { policy:org.apache.flume.sink.DefaultSinkProcessor@223f6902 counterGroup:{ name:null counters:{} } } - Exception follows.
java.lang.NoSuchFieldError: LUCENE_4_0_0
	at org.elasticsearch.Version.<clinit>(Version.java:44)
	at org.elasticsearch.client.transport.TransportClient$Builder.build(TransportClient.java:129)
	at org.apache.flume.sink.elasticsearch.client.ElasticSearchTransportClient.openClient(ElasticSearchTransportClient.java:216)
	at org.apache.flume.sink.elasticsearch.client.ElasticSearchTransportClient.<init>(ElasticSearchTransportClient.java:81)
	at org.apache.flume.sink.elasticsearch.client.ElasticSearchClientFactory.getClient(ElasticSearchClientFactory.java:48)
	at org.apache.flume.sink.elasticsearch.ElasticSearchSink.start(ElasticSearchSink.java:344)
	at org.apache.flume.sink.DefaultSinkProcessor.start(DefaultSinkProcessor.java:45)
	at org.apache.flume.SinkRunner.start(SinkRunner.java:79)
	at org.apache.flume.lifecycle.LifecycleSupervisor$MonitorRunnable.run(LifecycleSupervisor.java:249)
	at java.util.concurrent.Executors$RunnableAdapter.call(Executors.java:471)
	at java.util.concurrent.FutureTask.runAndReset(FutureTask.java:304)
	at java.util.concurrent.ScheduledThreadPoolExecutor$ScheduledFutureTask.access$301(ScheduledThreadPoolExecutor.java:178)
	at java.util.concurrent.ScheduledThreadPoolExecutor$ScheduledFutureTask.run(ScheduledThreadPoolExecutor.java:293)
	at java.util.concurrent.ThreadPoolExecutor.runWorker(ThreadPoolExecutor.java:1145)
	at java.util.concurrent.ThreadPoolExecutor$Worker.run(ThreadPoolExecutor.java:615)
	at java.lang.Thread.run(Thread.java:745)
09 三月 2017 10:08:32,567 INFO  [lifecycleSupervisor-1-1] (org.apache.flume.sink.elasticsearch.ElasticSearchSink.stop:363)  - ElasticSearch sink {} stopping
09 三月 2017 10:08:32,567 INFO  [lifecycleSupervisor-1-1] (org.apache.flume.instrumentation.MonitoredCounterGroup.stop:149)  - Component type: SINK, name: k1 stopped
09 三月 2017 10:08:32,567 INFO  [lifecycleSupervisor-1-1] (org.apache.flume.instrumentation.MonitoredCounterGroup.stop:155)  - Shutdown Metric for type: SINK, name: k1. sink.start.time == 1489025312242
09 三月 2017 10:08:32,567 INFO  [lifecycleSupervisor-1-1] (org.apache.flume.instrumentation.MonitoredCounterGroup.stop:161)  - Shutdown Metric for type: SINK, name: k1. sink.stop.time == 1489025312567
09 三月 2017 10:08:32,568 INFO  [lifecycleSupervisor-1-1] (org.apache.flume.instrumentation.MonitoredCounterGroup.stop:177)  - Shutdown Metric for type: SINK, name: k1. sink.batch.complete == 0
09 三月 2017 10:08:32,568 INFO  [lifecycleSupervisor-1-1] (org.apache.flume.instrumentation.MonitoredCounterGroup.stop:177)  - Shutdown Metric for type: SINK, name: k1. sink.batch.empty == 0
09 三月 2017 10:08:32,568 INFO  [lifecycleSupervisor-1-1] (org.apache.flume.instrumentation.MonitoredCounterGroup.stop:177)  - Shutdown Metric for type: SINK, name: k1. sink.batch.underflow == 0
09 三月 2017 10:08:32,568 INFO  [lifecycleSupervisor-1-1] (org.apache.flume.instrumentation.MonitoredCounterGroup.stop:177)  - Shutdown Metric for type: SINK, name: k1. sink.connection.closed.count == 1
09 三月 2017 10:08:32,568 INFO  [lifecycleSupervisor-1-1] (org.apache.flume.instrumentation.MonitoredCounterGroup.stop:177)  - Shutdown Metric for type: SINK, name: k1. sink.connection.creation.count == 0
09 三月 2017 10:08:32,569 INFO  [lifecycleSupervisor-1-1] (org.apache.flume.instrumentation.MonitoredCounterGroup.stop:177)  - Shutdown Metric for type: SINK, name: k1. sink.connection.failed.count == 0
09 三月 2017 10:08:32,569 INFO  [lifecycleSupervisor-1-1] (org.apache.flume.instrumentation.MonitoredCounterGroup.stop:177)  - Shutdown Metric for type: SINK, name: k1. sink.event.drain.attempt == 0
09 三月 2017 10:08:32,569 INFO  [lifecycleSupervisor-1-1] (org.apache.flume.instrumentation.MonitoredCounterGroup.stop:177)  - Shutdown Metric for type: SINK, name: k1. sink.event.drain.sucess == 0
09 三月 2017 10:08:32,569 WARN  [lifecycleSupervisor-1-1] (org.apache.flume.lifecycle.LifecycleSupervisor$MonitorRunnable.run:258)  - Component SinkRunner: { policy:org.apache.flume.sink.DefaultSinkProcessor@223f6902 counterGroup:{ name:null counters:{} } } stopped, since it could not besuccessfully started due to missing dependencies
09 三月 2017 10:08:35,467 ERROR [lifecycleSupervisor-1-4] (org.apache.flume.lifecycle.LifecycleSupervisor$MonitorRunnable.run:251)  - Unable to start EventDrivenSourceRunner: { source:org.apache.flume.source.http.HTTPSource{name:r1,state:IDLE} } - Exception follows.
java.lang.IllegalStateException: Running HTTP Server found in source: r1 before I started one.Will not attempt to start.
	at com.google.common.base.Preconditions.checkState(Preconditions.java:173)
	at org.apache.flume.source.http.HTTPSource.start(HTTPSource.java:182)
	at org.apache.flume.source.EventDrivenSourceRunner.start(EventDrivenSourceRunner.java:44)
	at org.apache.flume.lifecycle.LifecycleSupervisor$MonitorRunnable.run(LifecycleSupervisor.java:249)
	at java.util.concurrent.Executors$RunnableAdapter.call(Executors.java:471)
	at java.util.concurrent.FutureTask.runAndReset(FutureTask.java:304)
	at java.util.concurrent.ScheduledThreadPoolExecutor$ScheduledFutureTask.access$301(ScheduledThreadPoolExecutor.java:178)
	at java.util.concurrent.ScheduledThreadPoolExecutor$ScheduledFutureTask.run(ScheduledThreadPoolExecutor.java:293)
	at java.util.concurrent.ThreadPoolExecutor.runWorker(ThreadPoolExecutor.java:1145)
	at java.util.concurrent.ThreadPoolExecutor$Worker.run(ThreadPoolExecutor.java:615)
	at java.lang.Thread.run(Thread.java:745)
09 三月 2017 10:08:38,470 ERROR [lifecycleSupervisor-1-1] (org.apache.flume.lifecycle.LifecycleSupervisor$MonitorRunnable.run:251)  - Unable to start EventDrivenSourceRunner: { source:org.apache.flume.source.http.HTTPSource{name:r1,state:IDLE} } - Exception follows.
java.lang.IllegalStateException: Running HTTP Server found in source: r1 before I started one.Will not attempt to start.
	at com.google.common.base.Preconditions.checkState(Preconditions.java:173)
	at org.apache.flume.source.http.HTTPSource.start(HTTPSource.java:182)
	at org.apache.flume.source.EventDrivenSourceRunner.start(EventDrivenSourceRunner.java:44)
	at org.apache.flume.lifecycle.LifecycleSupervisor$MonitorRunnable.run(LifecycleSupervisor.java:249)
	at java.util.concurrent.Executors$RunnableAdapter.call(Executors.java:471)
	at java.util.concurrent.FutureTask.runAndReset(FutureTask.java:304)
	at java.util.concurrent.ScheduledThreadPoolExecutor$ScheduledFutureTask.access$301(ScheduledThreadPoolExecutor.java:178)
	at java.util.concurrent.ScheduledThreadPoolExecutor$ScheduledFutureTask.run(ScheduledThreadPoolExecutor.java:293)
	at java.util.concurrent.ThreadPoolExecutor.runWorker(ThreadPoolExecutor.java:1145)
	at java.util.concurrent.ThreadPoolExecutor$Worker.run(ThreadPoolExecutor.java:615)
	at java.lang.Thread.run(Thread.java:745)
09 三月 2017 10:08:41,475 ERROR [lifecycleSupervisor-1-3] (org.apache.flume.lifecycle.LifecycleSupervisor$MonitorRunnable.run:251)  - Unable to start EventDrivenSourceRunner: { source:org.apache.flume.source.http.HTTPSource{name:r1,state:IDLE} } - Exception follows.
java.lang.IllegalStateException: Running HTTP Server found in source: r1 before I started one.Will not attempt to start.
	at com.google.common.base.Preconditions.checkState(Preconditions.java:173)
	at org.apache.flume.source.http.HTTPSource.start(HTTPSource.java:182)
	at org.apache.flume.source.EventDrivenSourceRunner.start(EventDrivenSourceRunner.java:44)
	at org.apache.flume.lifecycle.LifecycleSupervisor$MonitorRunnable.run(LifecycleSupervisor.java:249)
	at java.util.concurrent.Executors$RunnableAdapter.call(Executors.java:471)
	at java.util.concurrent.FutureTask.runAndReset(FutureTask.java:304)
	at java.util.concurrent.ScheduledThreadPoolExecutor$ScheduledFutureTask.access$301(ScheduledThreadPoolExecutor.java:178)
	at java.util.concurrent.ScheduledThreadPoolExecutor$ScheduledFutureTask.run(ScheduledThreadPoolExecutor.java:293)
	at java.util.concurrent.ThreadPoolExecutor.runWorker(ThreadPoolExecutor.java:1145)
	at java.util.concurrent.ThreadPoolExecutor$Worker.run(ThreadPoolExecutor.java:615)
	at java.lang.Thread.run(Thread.java:745)
09 三月 2017 10:08:44,479 ERROR [lifecycleSupervisor-1-0] (org.apache.flume.lifecycle.LifecycleSupervisor$MonitorRunnable.run:251)  - Unable to start EventDrivenSourceRunner: { source:org.apache.flume.source.http.HTTPSource{name:r1,state:IDLE} } - Exception follows.
java.lang.IllegalStateException: Running HTTP Server found in source: r1 before I started one.Will not attempt to start.
	at com.google.common.base.Preconditions.checkState(Preconditions.java:173)
	at org.apache.flume.source.http.HTTPSource.start(HTTPSource.java:182)
	at org.apache.flume.source.EventDrivenSourceRunner.start(EventDrivenSourceRunner.java:44)
	at org.apache.flume.lifecycle.LifecycleSupervisor$MonitorRunnable.run(LifecycleSupervisor.java:249)
	at java.util.concurrent.Executors$RunnableAdapter.call(Executors.java:471)
	at java.util.concurrent.FutureTask.runAndReset(FutureTask.java:304)
	at java.util.concurrent.ScheduledThreadPoolExecutor$ScheduledFutureTask.access$301(ScheduledThreadPoolExecutor.java:178)
	at java.util.concurrent.ScheduledThreadPoolExecutor$ScheduledFutureTask.run(ScheduledThreadPoolExecutor.java:293)
	at java.util.concurrent.ThreadPoolExecutor.runWorker(ThreadPoolExecutor.java:1145)
	at java.util.concurrent.ThreadPoolExecutor$Worker.run(ThreadPoolExecutor.java:615)
	at java.lang.Thread.run(Thread.java:745)
09 三月 2017 10:08:47,483 ERROR [lifecycleSupervisor-1-8] (org.apache.flume.lifecycle.LifecycleSupervisor$MonitorRunnable.run:251)  - Unable to start EventDrivenSourceRunner: { source:org.apache.flume.source.http.HTTPSource{name:r1,state:IDLE} } - Exception follows.
java.lang.IllegalStateException: Running HTTP Server found in source: r1 before I started one.Will not attempt to start.
	at com.google.common.base.Preconditions.checkState(Preconditions.java:173)
	at org.apache.flume.source.http.HTTPSource.start(HTTPSource.java:182)
	at org.apache.flume.source.EventDrivenSourceRunner.start(EventDrivenSourceRunner.java:44)
	at org.apache.flume.lifecycle.LifecycleSupervisor$MonitorRunnable.run(LifecycleSupervisor.java:249)
	at java.util.concurrent.Executors$RunnableAdapter.call(Executors.java:471)
	at java.util.concurrent.FutureTask.runAndReset(FutureTask.java:304)
	at java.util.concurrent.ScheduledThreadPoolExecutor$ScheduledFutureTask.access$301(ScheduledThreadPoolExecutor.java:178)
	at java.util.concurrent.ScheduledThreadPoolExecutor$ScheduledFutureTask.run(ScheduledThreadPoolExecutor.java:293)
	at java.util.concurrent.ThreadPoolExecutor.runWorker(ThreadPoolExecutor.java:1145)
	at java.util.concurrent.ThreadPoolExecutor$Worker.run(ThreadPoolExecutor.java:615)
	at java.lang.Thread.run(Thread.java:745)
09 三月 2017 10:08:50,486 ERROR [lifecycleSupervisor-1-4] (org.apache.flume.lifecycle.LifecycleSupervisor$MonitorRunnable.run:251)  - Unable to start EventDrivenSourceRunner: { source:org.apache.flume.source.http.HTTPSource{name:r1,state:IDLE} } - Exception follows.
java.lang.IllegalStateException: Running HTTP Server found in source: r1 before I started one.Will not attempt to start.
	at com.google.common.base.Preconditions.checkState(Preconditions.java:173)
	at org.apache.flume.source.http.HTTPSource.start(HTTPSource.java:182)
	at org.apache.flume.source.EventDrivenSourceRunner.start(EventDrivenSourceRunner.java:44)
	at org.apache.flume.lifecycle.LifecycleSupervisor$MonitorRunnable.run(LifecycleSupervisor.java:249)
	at java.util.concurrent.Executors$RunnableAdapter.call(Executors.java:471)
	at java.util.concurrent.FutureTask.runAndReset(FutureTask.java:304)
	at java.util.concurrent.ScheduledThreadPoolExecutor$ScheduledFutureTask.access$301(ScheduledThreadPoolExecutor.java:178)
	at java.util.concurrent.ScheduledThreadPoolExecutor$ScheduledFutureTask.run(ScheduledThreadPoolExecutor.java:293)
	at java.util.concurrent.ThreadPoolExecutor.runWorker(ThreadPoolExecutor.java:1145)
	at java.util.concurrent.ThreadPoolExecutor$Worker.run(ThreadPoolExecutor.java:615)
	at java.lang.Thread.run(Thread.java:745)
09 三月 2017 10:08:53,487 ERROR [lifecycleSupervisor-1-6] (org.apache.flume.lifecycle.LifecycleSupervisor$MonitorRunnable.run:251)  - Unable to start EventDrivenSourceRunner: { source:org.apache.flume.source.http.HTTPSource{name:r1,state:IDLE} } - Exception follows.
java.lang.IllegalStateException: Running HTTP Server found in source: r1 before I started one.Will not attempt to start.
	at com.google.common.base.Preconditions.checkState(Preconditions.java:173)
	at org.apache.flume.source.http.HTTPSource.start(HTTPSource.java:182)
	at org.apache.flume.source.EventDrivenSourceRunner.start(EventDrivenSourceRunner.java:44)
	at org.apache.flume.lifecycle.LifecycleSupervisor$MonitorRunnable.run(LifecycleSupervisor.java:249)
	at java.util.concurrent.Executors$RunnableAdapter.call(Executors.java:471)
	at java.util.concurrent.FutureTask.runAndReset(FutureTask.java:304)
	at java.util.concurrent.ScheduledThreadPoolExecutor$ScheduledFutureTask.access$301(ScheduledThreadPoolExecutor.java:178)
	at java.util.concurrent.ScheduledThreadPoolExecutor$ScheduledFutureTask.run(ScheduledThreadPoolExecutor.java:293)
	at java.util.concurrent.ThreadPoolExecutor.runWorker(ThreadPoolExecutor.java:1145)
	at java.util.concurrent.ThreadPoolExecutor$Worker.run(ThreadPoolExecutor.java:615)
	at java.lang.Thread.run(Thread.java:745)
09 三月 2017 10:08:56,491 ERROR [lifecycleSupervisor-1-3] (org.apache.flume.lifecycle.LifecycleSupervisor$MonitorRunnable.run:251)  - Unable to start EventDrivenSourceRunner: { source:org.apache.flume.source.http.HTTPSource{name:r1,state:IDLE} } - Exception follows.
java.lang.IllegalStateException: Running HTTP Server found in source: r1 before I started one.Will not attempt to start.
	at com.google.common.base.Preconditions.checkState(Preconditions.java:173)
	at org.apache.flume.source.http.HTTPSource.start(HTTPSource.java:182)
	at org.apache.flume.source.EventDrivenSourceRunner.start(EventDrivenSourceRunner.java:44)
	at org.apache.flume.lifecycle.LifecycleSupervisor$MonitorRunnable.run(LifecycleSupervisor.java:249)
	at java.util.concurrent.Executors$RunnableAdapter.call(Executors.java:471)
	at java.util.concurrent.FutureTask.runAndReset(FutureTask.java:304)
	at java.util.concurrent.ScheduledThreadPoolExecutor$ScheduledFutureTask.access$301(ScheduledThreadPoolExecutor.java:178)
	at java.util.concurrent.ScheduledThreadPoolExecutor$ScheduledFutureTask.run(ScheduledThreadPoolExecutor.java:293)
	at java.util.concurrent.ThreadPoolExecutor.runWorker(ThreadPoolExecutor.java:1145)
	at java.util.concurrent.ThreadPoolExecutor$Worker.run(ThreadPoolExecutor.java:615)
	at java.lang.Thread.run(Thread.java:745)
09 三月 2017 10:08:59,496 ERROR [lifecycleSupervisor-1-5] (org.apache.flume.lifecycle.LifecycleSupervisor$MonitorRunnable.run:251)  - Unable to start EventDrivenSourceRunner: { source:org.apache.flume.source.http.HTTPSource{name:r1,state:IDLE} } - Exception follows.
java.lang.IllegalStateException: Running HTTP Server found in source: r1 before I started one.Will not attempt to start.
	at com.google.common.base.Preconditions.checkState(Preconditions.java:173)
	at org.apache.flume.source.http.HTTPSource.start(HTTPSource.java:182)
	at org.apache.flume.source.EventDrivenSourceRunner.start(EventDrivenSourceRunner.java:44)
	at org.apache.flume.lifecycle.LifecycleSupervisor$MonitorRunnable.run(LifecycleSupervisor.java:249)
	at java.util.concurrent.Executors$RunnableAdapter.call(Executors.java:471)
	at java.util.concurrent.FutureTask.runAndReset(FutureTask.java:304)
	at java.util.concurrent.ScheduledThreadPoolExecutor$ScheduledFutureTask.access$301(ScheduledThreadPoolExecutor.java:178)
	at java.util.concurrent.ScheduledThreadPoolExecutor$ScheduledFutureTask.run(ScheduledThreadPoolExecutor.java:293)
	at java.util.concurrent.ThreadPoolExecutor.runWorker(ThreadPoolExecutor.java:1145)
	at java.util.concurrent.ThreadPoolExecutor$Worker.run(ThreadPoolExecutor.java:615)
	at java.lang.Thread.run(Thread.java:745)
09 三月 2017 10:09:02,499 ERROR [lifecycleSupervisor-1-8] (org.apache.flume.lifecycle.LifecycleSupervisor$MonitorRunnable.run:251)  - Unable to start EventDrivenSourceRunner: { source:org.apache.flume.source.http.HTTPSource{name:r1,state:IDLE} } - Exception follows.
java.lang.IllegalStateException: Running HTTP Server found in source: r1 before I started one.Will not attempt to start.
	at com.google.common.base.Preconditions.checkState(Preconditions.java:173)
	at org.apache.flume.source.http.HTTPSource.start(HTTPSource.java:182)
	at org.apache.flume.source.EventDrivenSourceRunner.start(EventDrivenSourceRunner.java:44)
	at org.apache.flume.lifecycle.LifecycleSupervisor$MonitorRunnable.run(LifecycleSupervisor.java:249)
	at java.util.concurrent.Executors$RunnableAdapter.call(Executors.java:471)
	at java.util.concurrent.FutureTask.runAndReset(FutureTask.java:304)
	at java.util.concurrent.ScheduledThreadPoolExecutor$ScheduledFutureTask.access$301(ScheduledThreadPoolExecutor.java:178)
	at java.util.concurrent.ScheduledThreadPoolExecutor$ScheduledFutureTask.run(ScheduledThreadPoolExecutor.java:293)
	at java.util.concurrent.ThreadPoolExecutor.runWorker(ThreadPoolExecutor.java:1145)
	at java.util.concurrent.ThreadPoolExecutor$Worker.run(ThreadPoolExecutor.java:615)
	at java.lang.Thread.run(Thread.java:745)
09 三月 2017 10:09:05,504 ERROR [lifecycleSupervisor-1-4] (org.apache.flume.lifecycle.LifecycleSupervisor$MonitorRunnable.run:251)  - Unable to start EventDrivenSourceRunner: { source:org.apache.flume.source.http.HTTPSource{name:r1,state:IDLE} } - Exception follows.
java.lang.IllegalStateException: Running HTTP Server found in source: r1 before I started one.Will not attempt to start.
	at com.google.common.base.Preconditions.checkState(Preconditions.java:173)
	at org.apache.flume.source.http.HTTPSource.start(HTTPSource.java:182)
	at org.apache.flume.source.EventDrivenSourceRunner.start(EventDrivenSourceRunner.java:44)
	at org.apache.flume.lifecycle.LifecycleSupervisor$MonitorRunnable.run(LifecycleSupervisor.java:249)
	at java.util.concurrent.Executors$RunnableAdapter.call(Executors.java:471)
	at java.util.concurrent.FutureTask.runAndReset(FutureTask.java:304)
	at java.util.concurrent.ScheduledThreadPoolExecutor$ScheduledFutureTask.access$301(ScheduledThreadPoolExecutor.java:178)
	at java.util.concurrent.ScheduledThreadPoolExecutor$ScheduledFutureTask.run(ScheduledThreadPoolExecutor.java:293)
	at java.util.concurrent.ThreadPoolExecutor.runWorker(ThreadPoolExecutor.java:1145)
	at java.util.concurrent.ThreadPoolExecutor$Worker.run(ThreadPoolExecutor.java:615)
	at java.lang.Thread.run(Thread.java:745)
09 三月 2017 10:09:08,507 ERROR [lifecycleSupervisor-1-6] (org.apache.flume.lifecycle.LifecycleSupervisor$MonitorRunnable.run:251)  - Unable to start EventDrivenSourceRunner: { source:org.apache.flume.source.http.HTTPSource{name:r1,state:IDLE} } - Exception follows.
java.lang.IllegalStateException: Running HTTP Server found in source: r1 before I started one.Will not attempt to start.
	at com.google.common.base.Preconditions.checkState(Preconditions.java:173)
	at org.apache.flume.source.http.HTTPSource.start(HTTPSource.java:182)
	at org.apache.flume.source.EventDrivenSourceRunner.start(EventDrivenSourceRunner.java:44)
	at org.apache.flume.lifecycle.LifecycleSupervisor$MonitorRunnable.run(LifecycleSupervisor.java:249)
	at java.util.concurrent.Executors$RunnableAdapter.call(Executors.java:471)
	at java.util.concurrent.FutureTask.runAndReset(FutureTask.java:304)
	at java.util.concurrent.ScheduledThreadPoolExecutor$ScheduledFutureTask.access$301(ScheduledThreadPoolExecutor.java:178)
	at java.util.concurrent.ScheduledThreadPoolExecutor$ScheduledFutureTask.run(ScheduledThreadPoolExecutor.java:293)
	at java.util.concurrent.ThreadPoolExecutor.runWorker(ThreadPoolExecutor.java:1145)
	at java.util.concurrent.ThreadPoolExecutor$Worker.run(ThreadPoolExecutor.java:615)
	at java.lang.Thread.run(Thread.java:745)
09 三月 2017 10:09:11,512 ERROR [lifecycleSupervisor-1-3] (org.apache.flume.lifecycle.LifecycleSupervisor$MonitorRunnable.run:251)  - Unable to start EventDrivenSourceRunner: { source:org.apache.flume.source.http.HTTPSource{name:r1,state:IDLE} } - Exception follows.
java.lang.IllegalStateException: Running HTTP Server found in source: r1 before I started one.Will not attempt to start.
	at com.google.common.base.Preconditions.checkState(Preconditions.java:173)
	at org.apache.flume.source.http.HTTPSource.start(HTTPSource.java:182)
	at org.apache.flume.source.EventDrivenSourceRunner.start(EventDrivenSourceRunner.java:44)
	at org.apache.flume.lifecycle.LifecycleSupervisor$MonitorRunnable.run(LifecycleSupervisor.java:249)
	at java.util.concurrent.Executors$RunnableAdapter.call(Executors.java:471)
	at java.util.concurrent.FutureTask.runAndReset(FutureTask.java:304)
	at java.util.concurrent.ScheduledThreadPoolExecutor$ScheduledFutureTask.access$301(ScheduledThreadPoolExecutor.java:178)
	at java.util.concurrent.ScheduledThreadPoolExecutor$ScheduledFutureTask.run(ScheduledThreadPoolExecutor.java:293)
	at java.util.concurrent.ThreadPoolExecutor.runWorker(ThreadPoolExecutor.java:1145)
	at java.util.concurrent.ThreadPoolExecutor$Worker.run(ThreadPoolExecutor.java:615)
	at java.lang.Thread.run(Thread.java:745)
09 三月 2017 10:09:12,698 INFO  [agent-shutdown-hook] (org.apache.flume.lifecycle.LifecycleSupervisor.stop:78)  - Stopping lifecycle supervisor 13
09 三月 2017 10:09:12,699 INFO  [agent-shutdown-hook] (org.apache.flume.instrumentation.MonitoredCounterGroup.stop:149)  - Component type: CHANNEL, name: c1 stopped
09 三月 2017 10:09:12,700 INFO  [agent-shutdown-hook] (org.apache.flume.instrumentation.MonitoredCounterGroup.stop:155)  - Shutdown Metric for type: CHANNEL, name: c1. channel.start.time == 1489025312235
09 三月 2017 10:09:12,700 INFO  [agent-shutdown-hook] (org.apache.flume.instrumentation.MonitoredCounterGroup.stop:161)  - Shutdown Metric for type: CHANNEL, name: c1. channel.stop.time == 1489025352699
09 三月 2017 10:09:12,700 INFO  [agent-shutdown-hook] (org.apache.flume.instrumentation.MonitoredCounterGroup.stop:177)  - Shutdown Metric for type: CHANNEL, name: c1. channel.capacity == 100000
09 三月 2017 10:09:12,700 INFO  [agent-shutdown-hook] (org.apache.flume.instrumentation.MonitoredCounterGroup.stop:177)  - Shutdown Metric for type: CHANNEL, name: c1. channel.current.size == 0
09 三月 2017 10:09:12,700 INFO  [agent-shutdown-hook] (org.apache.flume.instrumentation.MonitoredCounterGroup.stop:177)  - Shutdown Metric for type: CHANNEL, name: c1. channel.event.put.attempt == 0
09 三月 2017 10:09:12,700 INFO  [agent-shutdown-hook] (org.apache.flume.instrumentation.MonitoredCounterGroup.stop:177)  - Shutdown Metric for type: CHANNEL, name: c1. channel.event.put.success == 0
09 三月 2017 10:09:12,700 INFO  [agent-shutdown-hook] (org.apache.flume.instrumentation.MonitoredCounterGroup.stop:177)  - Shutdown Metric for type: CHANNEL, name: c1. channel.event.take.attempt == 0
09 三月 2017 10:09:12,700 INFO  [agent-shutdown-hook] (org.apache.flume.instrumentation.MonitoredCounterGroup.stop:177)  - Shutdown Metric for type: CHANNEL, name: c1. channel.event.take.success == 0
09 三月 2017 10:09:12,700 INFO  [agent-shutdown-hook] (org.apache.flume.node.PollingPropertiesFileConfigurationProvider.stop:84)  - Configuration provider stopping
12 三月 2017 17:17:58,457 INFO  [lifecycleSupervisor-1-0] (org.apache.flume.node.PollingPropertiesFileConfigurationProvider.start:62)  - Configuration provider starting
12 三月 2017 17:17:58,469 INFO  [conf-file-poller-0] (org.apache.flume.node.PollingPropertiesFileConfigurationProvider$FileWatcherRunnable.run:134)  - Reloading configuration file:conf/flume-http-memory-null.properties
12 三月 2017 17:17:58,485 INFO  [conf-file-poller-0] (org.apache.flume.conf.FlumeConfiguration$AgentConfiguration.addProperty:930)  - Added sinks: k1 Agent: a1
12 三月 2017 17:17:58,486 INFO  [conf-file-poller-0] (org.apache.flume.conf.FlumeConfiguration$AgentConfiguration.addProperty:1016)  - Processing:k1
12 三月 2017 17:17:58,486 INFO  [conf-file-poller-0] (org.apache.flume.conf.FlumeConfiguration$AgentConfiguration.addProperty:1016)  - Processing:k1
12 三月 2017 17:17:58,525 INFO  [conf-file-poller-0] (org.apache.flume.conf.FlumeConfiguration.validateConfiguration:140)  - Post-validation flume configuration contains configuration for agents: [a1]
12 三月 2017 17:17:58,525 INFO  [conf-file-poller-0] (org.apache.flume.node.AbstractConfigurationProvider.loadChannels:147)  - Creating channels
12 三月 2017 17:17:58,538 INFO  [conf-file-poller-0] (org.apache.flume.channel.DefaultChannelFactory.create:42)  - Creating instance of channel c1 type memory
12 三月 2017 17:17:58,548 INFO  [conf-file-poller-0] (org.apache.flume.node.AbstractConfigurationProvider.loadChannels:201)  - Created channel c1
12 三月 2017 17:17:58,550 INFO  [conf-file-poller-0] (org.apache.flume.source.DefaultSourceFactory.create:41)  - Creating instance of source r1, type http
12 三月 2017 17:17:58,682 INFO  [conf-file-poller-0] (org.apache.flume.sink.DefaultSinkFactory.create:42)  - Creating instance of sink: k1, type: null
12 三月 2017 17:17:58,688 INFO  [conf-file-poller-0] (org.apache.flume.node.AbstractConfigurationProvider.getConfiguration:116)  - Channel c1 connected to [r1, k1]
12 三月 2017 17:17:58,690 INFO  [conf-file-poller-0] (org.apache.flume.node.Application.startAllComponents:137)  - Starting new configuration:{ sourceRunners:{r1=EventDrivenSourceRunner: { source:org.apache.flume.source.http.HTTPSource{name:r1,state:IDLE} }} sinkRunners:{k1=SinkRunner: { policy:org.apache.flume.sink.DefaultSinkProcessor@599f53db counterGroup:{ name:null counters:{} } }} channels:{c1=org.apache.flume.channel.MemoryChannel{name: c1}} }
12 三月 2017 17:17:58,691 INFO  [conf-file-poller-0] (org.apache.flume.node.Application.startAllComponents:144)  - Starting Channel c1
12 三月 2017 17:17:58,751 INFO  [lifecycleSupervisor-1-0] (org.apache.flume.instrumentation.MonitoredCounterGroup.register:119)  - Monitored counter group for type: CHANNEL, name: c1: Successfully registered new MBean.
12 三月 2017 17:17:58,751 INFO  [lifecycleSupervisor-1-0] (org.apache.flume.instrumentation.MonitoredCounterGroup.start:95)  - Component type: CHANNEL, name: c1 started
12 三月 2017 17:17:58,753 INFO  [conf-file-poller-0] (org.apache.flume.node.Application.startAllComponents:171)  - Starting Sink k1
12 三月 2017 17:17:58,754 INFO  [lifecycleSupervisor-1-1] (org.apache.flume.sink.NullSink.start:117)  - Starting NullSink k1 { batchSize: 100 }...
12 三月 2017 17:17:58,754 INFO  [conf-file-poller-0] (org.apache.flume.node.Application.startAllComponents:182)  - Starting Source r1
12 三月 2017 17:17:58,754 INFO  [lifecycleSupervisor-1-1] (org.apache.flume.sink.NullSink.start:122)  - Null sink k1 started.
12 三月 2017 17:17:58,778 INFO  [lifecycleSupervisor-1-0] (org.mortbay.log.Slf4jLog.info:67)  - Logging to org.slf4j.impl.Log4jLoggerAdapter(org.mortbay.log) via org.mortbay.log.Slf4jLog
12 三月 2017 17:17:58,836 INFO  [lifecycleSupervisor-1-0] (org.mortbay.log.Slf4jLog.info:67)  - jetty-6.1.26
12 三月 2017 17:17:58,921 INFO  [lifecycleSupervisor-1-0] (org.mortbay.log.Slf4jLog.info:67)  - Started SelectChannelConnector@0.0.0.0:8081
12 三月 2017 17:17:58,922 INFO  [lifecycleSupervisor-1-0] (org.apache.flume.instrumentation.MonitoredCounterGroup.register:119)  - Monitored counter group for type: SOURCE, name: r1: Successfully registered new MBean.
12 三月 2017 17:17:58,922 INFO  [lifecycleSupervisor-1-0] (org.apache.flume.instrumentation.MonitoredCounterGroup.start:95)  - Component type: SOURCE, name: r1 started
12 三月 2017 17:19:38,662 INFO  [agent-shutdown-hook] (org.apache.flume.lifecycle.LifecycleSupervisor.stop:78)  - Stopping lifecycle supervisor 13
12 三月 2017 17:19:38,663 INFO  [agent-shutdown-hook] (org.apache.flume.instrumentation.MonitoredCounterGroup.stop:149)  - Component type: CHANNEL, name: c1 stopped
12 三月 2017 17:19:38,663 INFO  [agent-shutdown-hook] (org.apache.flume.instrumentation.MonitoredCounterGroup.stop:155)  - Shutdown Metric for type: CHANNEL, name: c1. channel.start.time == 1489310278751
12 三月 2017 17:19:38,663 INFO  [agent-shutdown-hook] (org.apache.flume.instrumentation.MonitoredCounterGroup.stop:161)  - Shutdown Metric for type: CHANNEL, name: c1. channel.stop.time == 1489310378663
12 三月 2017 17:19:38,664 INFO  [agent-shutdown-hook] (org.apache.flume.instrumentation.MonitoredCounterGroup.stop:177)  - Shutdown Metric for type: CHANNEL, name: c1. channel.capacity == 100000
12 三月 2017 17:19:38,664 INFO  [agent-shutdown-hook] (org.apache.flume.instrumentation.MonitoredCounterGroup.stop:177)  - Shutdown Metric for type: CHANNEL, name: c1. channel.current.size == 0
12 三月 2017 17:19:38,664 INFO  [agent-shutdown-hook] (org.apache.flume.instrumentation.MonitoredCounterGroup.stop:177)  - Shutdown Metric for type: CHANNEL, name: c1. channel.event.put.attempt == 0
12 三月 2017 17:19:38,664 INFO  [agent-shutdown-hook] (org.apache.flume.instrumentation.MonitoredCounterGroup.stop:177)  - Shutdown Metric for type: CHANNEL, name: c1. channel.event.put.success == 0
12 三月 2017 17:19:38,664 INFO  [agent-shutdown-hook] (org.apache.flume.instrumentation.MonitoredCounterGroup.stop:177)  - Shutdown Metric for type: CHANNEL, name: c1. channel.event.take.attempt == 14
12 三月 2017 17:19:38,664 INFO  [agent-shutdown-hook] (org.apache.flume.instrumentation.MonitoredCounterGroup.stop:177)  - Shutdown Metric for type: CHANNEL, name: c1. channel.event.take.success == 0
12 三月 2017 17:19:38,664 INFO  [agent-shutdown-hook] (org.mortbay.log.Slf4jLog.info:67)  - Stopped SelectChannelConnector@0.0.0.0:8081
12 三月 2017 17:19:38,667 INFO  [agent-shutdown-hook] (org.apache.flume.instrumentation.MonitoredCounterGroup.stop:149)  - Component type: SOURCE, name: r1 stopped
12 三月 2017 17:19:38,668 INFO  [agent-shutdown-hook] (org.apache.flume.instrumentation.MonitoredCounterGroup.stop:155)  - Shutdown Metric for type: SOURCE, name: r1. source.start.time == 1489310278922
12 三月 2017 17:19:38,668 INFO  [agent-shutdown-hook] (org.apache.flume.instrumentation.MonitoredCounterGroup.stop:161)  - Shutdown Metric for type: SOURCE, name: r1. source.stop.time == 1489310378667
12 三月 2017 17:19:38,668 INFO  [agent-shutdown-hook] (org.apache.flume.instrumentation.MonitoredCounterGroup.stop:177)  - Shutdown Metric for type: SOURCE, name: r1. src.append-batch.accepted == 0
12 三月 2017 17:19:38,668 INFO  [agent-shutdown-hook] (org.apache.flume.instrumentation.MonitoredCounterGroup.stop:177)  - Shutdown Metric for type: SOURCE, name: r1. src.append-batch.received == 0
12 三月 2017 17:19:38,668 INFO  [agent-shutdown-hook] (org.apache.flume.instrumentation.MonitoredCounterGroup.stop:177)  - Shutdown Metric for type: SOURCE, name: r1. src.append.accepted == 0
12 三月 2017 17:19:38,668 INFO  [agent-shutdown-hook] (org.apache.flume.instrumentation.MonitoredCounterGroup.stop:177)  - Shutdown Metric for type: SOURCE, name: r1. src.append.received == 0
12 三月 2017 17:19:38,668 INFO  [agent-shutdown-hook] (org.apache.flume.instrumentation.MonitoredCounterGroup.stop:177)  - Shutdown Metric for type: SOURCE, name: r1. src.events.accepted == 0
12 三月 2017 17:19:38,668 INFO  [agent-shutdown-hook] (org.apache.flume.instrumentation.MonitoredCounterGroup.stop:177)  - Shutdown Metric for type: SOURCE, name: r1. src.events.received == 0
12 三月 2017 17:19:38,668 INFO  [agent-shutdown-hook] (org.apache.flume.instrumentation.MonitoredCounterGroup.stop:177)  - Shutdown Metric for type: SOURCE, name: r1. src.open-connection.count == 0
12 三月 2017 17:19:38,668 INFO  [agent-shutdown-hook] (org.apache.flume.source.http.HTTPSource.stop:233)  - Http source r1 stopped. Metrics: SOURCE:r1{src.events.accepted=0, src.events.received=0, src.append.accepted=0, src.append-batch.accepted=0, src.open-connection.count=0, src.append-batch.received=0, src.append.received=0}
12 三月 2017 17:19:38,669 INFO  [agent-shutdown-hook] (org.apache.flume.sink.NullSink.stop:127)  - Null sink k1 stopping...
12 三月 2017 17:19:38,669 INFO  [agent-shutdown-hook] (org.apache.flume.sink.NullSink.stop:131)  - Null sink k1 stopped. Event metrics: { name:k1 counters:{events.success=0, transaction.success=14} }
12 三月 2017 17:19:38,669 INFO  [agent-shutdown-hook] (org.apache.flume.node.PollingPropertiesFileConfigurationProvider.stop:84)  - Configuration provider stopping
